<?xml version="1.0" encoding="UTF-8"?>
<!-- Generated by org.testng.reporters.JUnitXMLReporter -->
<testsuite hostname="Julieta-PC" name="IE 10 Test" tests="1" failures="1" timestamp="1 Apr 2016 15:29:12 GMT" time="24.344" errors="0">
  <testcase name="main" time="14.395" classname="test.Checks">
    <failure type="org.openqa.selenium.StaleElementReferenceException" message="Element is no longer valid (WARNING: The server did not provide any stacktrace information)
Command duration or timeout: 14 milliseconds
For documentation on this error, please visit: http://seleniumhq.org/exceptions/stale_element_reference.html
Build info: version: &amp;apos;2.45.0&amp;apos;, revision: &amp;apos;5017cb8&amp;apos;, time: &amp;apos;2015-02-26 23:59:50&amp;apos;
System info: host: &amp;apos;199-7-164-166&amp;apos;, ip: &amp;apos;199.7.164.166&amp;apos;, os.name: &amp;apos;windows&amp;apos;, os.arch: &amp;apos;x86&amp;apos;, os.version: &amp;apos;6.2&amp;apos;, java.version: &amp;apos;1.8.0_65&amp;apos;
Driver info: org.openqa.selenium.ie.InternetExplorerDriver
Capabilities [{browserAttachTimeout=0, enablePersistentHover=false, ie.forceCreateProcessApi=false, pageLoadStrategy=normal, ie.usePerProcessProxy=false, ignoreZoomSetting=false, handlesAlerts=true, version=10, platform=WINDOWS, nativeEvents=false, ie.ensureCleanSession=true, elementScrollBehavior=0, ie.browserCommandLineSwitches=, requireWindowFocus=false, browserName=internet explorer, initialBrowserUrl=about:blank, takesScreenshot=true, javascriptEnabled=true, ignoreProtectedModeSettings=false, enableElementCacheCleanup=true, cssSelectorsEnabled=true, unexpectedAlertBehaviour=dismiss}]
Session ID: 3ff4093c-5520-427c-916e-f1da0a65b130
Command duration or timeout: 975 milliseconds
For documentation on this error, please visit: http://seleniumhq.org/exceptions/stale_element_reference.html
Build info: version: &amp;apos;2.45.0&amp;apos;, revision: &amp;apos;5017cb8e7ca8e37638dc3091b2440b90a1d8686f&amp;apos;, time: &amp;apos;2015-02-27 09:10:26&amp;apos;
System info: host: &amp;apos;Julieta-PC&amp;apos;, ip: &amp;apos;10.30.10.117&amp;apos;, os.name: &amp;apos;Windows 8.1&amp;apos;, os.arch: &amp;apos;amd64&amp;apos;, os.version: &amp;apos;6.3&amp;apos;, java.version: &amp;apos;1.7.0_71&amp;apos;
Session ID: 6ba3adc983ee4fc8e7fc82e4c6248806ea338009
Driver info: org.openqa.selenium.remote.RemoteWebDriver
Capabilities [{platform=WINDOWS, javascriptEnabled=true, elementScrollBehavior=0, enablePersistentHover=false, ignoreZoomSetting=false, ie.ensureCleanSession=true, enableElementCacheCleanup=true, browserName=internet explorer, unexpectedAlertBehaviour=dismiss, webdriver.remote.sessionid=6ba3adc983ee4fc8e7fc82e4c6248806ea338009, pageLoadStrategy=normal, version=10, ie.usePerProcessProxy=false, cssSelectorsEnabled=true, ignoreProtectedModeSettings=false, requireWindowFocus=false, initialBrowserUrl=about:blank, handlesAlerts=true, ie.forceCreateProcessApi=false, nativeEvents=false, browserAttachTimeout=0, ie.browserCommandLineSwitches=, takesScreenshot=true}]">
      <![CDATA[org.openqa.selenium.StaleElementReferenceException: Element is no longer valid (WARNING: The server did not provide any stacktrace information)
Command duration or timeout: 14 milliseconds
For documentation on this error, please visit: http://seleniumhq.org/exceptions/stale_element_reference.html
Build info: version: '2.45.0', revision: '5017cb8', time: '2015-02-26 23:59:50'
System info: host: '199-7-164-166', ip: '199.7.164.166', os.name: 'windows', os.arch: 'x86', os.version: '6.2', java.version: '1.8.0_65'
Driver info: org.openqa.selenium.ie.InternetExplorerDriver
Capabilities [{browserAttachTimeout=0, enablePersistentHover=false, ie.forceCreateProcessApi=false, pageLoadStrategy=normal, ie.usePerProcessProxy=false, ignoreZoomSetting=false, handlesAlerts=true, version=10, platform=WINDOWS, nativeEvents=false, ie.ensureCleanSession=true, elementScrollBehavior=0, ie.browserCommandLineSwitches=, requireWindowFocus=false, browserName=internet explorer, initialBrowserUrl=about:blank, takesScreenshot=true, javascriptEnabled=true, ignoreProtectedModeSettings=false, enableElementCacheCleanup=true, cssSelectorsEnabled=true, unexpectedAlertBehaviour=dismiss}]
Session ID: 3ff4093c-5520-427c-916e-f1da0a65b130
Command duration or timeout: 975 milliseconds
For documentation on this error, please visit: http://seleniumhq.org/exceptions/stale_element_reference.html
Build info: version: '2.45.0', revision: '5017cb8e7ca8e37638dc3091b2440b90a1d8686f', time: '2015-02-27 09:10:26'
System info: host: 'Julieta-PC', ip: '10.30.10.117', os.name: 'Windows 8.1', os.arch: 'amd64', os.version: '6.3', java.version: '1.7.0_71'
Session ID: 6ba3adc983ee4fc8e7fc82e4c6248806ea338009
Driver info: org.openqa.selenium.remote.RemoteWebDriver
Capabilities [{platform=WINDOWS, javascriptEnabled=true, elementScrollBehavior=0, enablePersistentHover=false, ignoreZoomSetting=false, ie.ensureCleanSession=true, enableElementCacheCleanup=true, browserName=internet explorer, unexpectedAlertBehaviour=dismiss, webdriver.remote.sessionid=6ba3adc983ee4fc8e7fc82e4c6248806ea338009, pageLoadStrategy=normal, version=10, ie.usePerProcessProxy=false, cssSelectorsEnabled=true, ignoreProtectedModeSettings=false, requireWindowFocus=false, initialBrowserUrl=about:blank, handlesAlerts=true, ie.forceCreateProcessApi=false, nativeEvents=false, browserAttachTimeout=0, ie.browserCommandLineSwitches=, takesScreenshot=true}]
	at org.openqa.selenium.remote.ErrorHandler.createThrowable(ErrorHandler.java:204)
	at org.openqa.selenium.remote.ErrorHandler.throwIfResponseFailed(ErrorHandler.java:156)
	at org.openqa.selenium.remote.RemoteWebDriver.execute(RemoteWebDriver.java:599)
	at org.openqa.selenium.remote.RemoteWebElement.execute(RemoteWebElement.java:268)
	at org.openqa.selenium.remote.RemoteWebElement.getText(RemoteWebElement.java:152)
	at test.Checks.main(Checks.java:80)
Caused by: org.openqa.selenium.remote.ScreenshotException: Screen shot has been taken
Build info: version: '2.45.0', revision: '5017cb8e7ca8e37638dc3091b2440b90a1d8686f', time: '2015-02-27 09:10:26'
System info: host: 'Julieta-PC', ip: '10.30.10.117', os.name: 'Windows 8.1', os.arch: 'amd64', os.version: '6.3', java.version: '1.7.0_71'
Driver info: driver.version: RemoteWebDriver
	at org.openqa.selenium.remote.ErrorHandler.throwIfResponseFailed(ErrorHandler.java:136)
	... 28 more
Caused by: org.openqa.selenium.StaleElementReferenceException: Element is no longer valid (WARNING: The server did not provide any stacktrace information)
Command duration or timeout: 14 milliseconds
For documentation on this error, please visit: http://seleniumhq.org/exceptions/stale_element_reference.html
Build info: version: '2.45.0', revision: '5017cb8', time: '2015-02-26 23:59:50'
System info: host: '199-7-164-166', ip: '199.7.164.166', os.name: 'windows', os.arch: 'x86', os.version: '6.2', java.version: '1.8.0_65'
Driver info: org.openqa.selenium.ie.InternetExplorerDriver
Capabilities [{browserAttachTimeout=0, enablePersistentHover=false, ie.forceCreateProcessApi=false, pageLoadStrategy=normal, ie.usePerProcessProxy=false, ignoreZoomSetting=false, handlesAlerts=true, version=10, platform=WINDOWS, nativeEvents=false, ie.ensureCleanSession=true, elementScrollBehavior=0, ie.browserCommandLineSwitches=, requireWindowFocus=false, browserName=internet explorer, initialBrowserUrl=about:blank, takesScreenshot=true, javascriptEnabled=true, ignoreProtectedModeSettings=false, enableElementCacheCleanup=true, cssSelectorsEnabled=true, unexpectedAlertBehaviour=dismiss}]
Session ID: 3ff4093c-5520-427c-916e-f1da0a65b130
For documentation on this error, please visit: http://seleniumhq.org/exceptions/stale_element_reference.html
Build info: version: '2.45.0', revision: '5017cb8e7ca8e37638dc3091b2440b90a1d8686f', time: '2015-02-27 09:10:26'
System info: host: 'Julieta-PC', ip: '10.30.10.117', os.name: 'Windows 8.1', os.arch: 'amd64', os.version: '6.3', java.version: '1.7.0_71'
Driver info: driver.version: RemoteWebDriver
	at org.openqa.selenium.remote.ErrorHandler.createThrowable(ErrorHandler.java:204)
	at org.openqa.selenium.remote.ErrorHandler.throwIfResponseFailed(ErrorHandler.java:156)
	at org.openqa.selenium.remote.RemoteWebDriver.execute(RemoteWebDriver.java:599)
	at org.openqa.selenium.remote.RemoteWebElement.execute(RemoteWebElement.java:268)
	at org.openqa.selenium.remote.RemoteWebElement.getText(RemoteWebElement.java:152)
	at org.openqa.selenium.support.events.EventFiringWebDriver$EventFiringWebElement$1.invoke(EventFiringWebDriver.java:331)
	at com.sun.proxy.$Proxy2.getText(Unknown Source)
	at org.openqa.selenium.support.events.EventFiringWebDriver$EventFiringWebElement.getText(EventFiringWebDriver.java:381)
	at org.openqa.selenium.remote.server.KnownElements$1.invoke(KnownElements.java:63)
	at com.sun.proxy.$Proxy3.getText(Unknown Source)
	at org.openqa.selenium.remote.server.handler.GetElementText.call(GetElementText.java:29)
	at org.openqa.selenium.remote.server.handler.GetElementText.call(GetElementText.java:1)
	at java.util.concurrent.FutureTask.run(Unknown Source)
	at org.openqa.selenium.remote.server.DefaultSession$1.run(DefaultSession.java:168)
	at java.util.concurrent.ThreadPoolExecutor.runWorker(Unknown Source)
	at java.util.concurrent.ThreadPoolExecutor$Worker.run(Unknown Source)
	at java.lang.Thread.run(Unknown Source)
... Removed 38 stack frames]]>
    </failure>
  </testcase> <!-- main -->
</testsuite> <!-- IE 10 Test -->
