<?xml version="1.0" encoding="UTF-8"?>
<testng-results skipped="0" failed="4" total="9" passed="5">
  <reporter-output>
  </reporter-output>
  <suite name="Suite" duration-ms="732191" started-at="2016-03-30T13:35:04Z" finished-at="2016-03-30T13:47:17Z">
    <groups>
    </groups>
    <test name="Android 5.0 Test" duration-ms="102419" started-at="2016-03-30T13:35:04Z" finished-at="2016-03-30T13:36:47Z">
      <class name="test.Checks">
        <test-method status="PASS" signature="setUp(java.lang.String, java.lang.String, java.lang.String, java.lang.String)[pri:0, instance:test.Checks@76bfd849]" name="setUp" is-config="true" duration-ms="65721" started-at="2016-03-30T10:35:04Z" finished-at="2016-03-30T10:36:10Z">
          <params>
            <param index="0">
              <value>
                <![CDATA[android]]>
              </value>
            </param>
            <param index="1">
              <value>
                <![CDATA[default]]>
              </value>
            </param>
            <param index="2">
              <value>
                <![CDATA[ANDROID]]>
              </value>
            </param>
            <param index="3">
              <value>
                <![CDATA[Google Nexus 5]]>
              </value>
            </param>
          </params>
          <reporter-output>
          </reporter-output>
        </test-method> <!-- setUp -->
        <test-method status="PASS" signature="main()[pri:0, instance:test.Checks@76bfd849]" name="main" duration-ms="36680" started-at="2016-03-30T10:36:10Z" finished-at="2016-03-30T10:36:47Z">
          <reporter-output>
          </reporter-output>
        </test-method> <!-- main -->
      </class> <!-- test.Checks -->
    </test> <!-- Android 5.0 Test -->
    <test name="Android 4.4 Test" duration-ms="110193" started-at="2016-03-30T13:36:47Z" finished-at="2016-03-30T13:38:37Z">
      <class name="test.Checks">
        <test-method status="PASS" signature="setUp(java.lang.String, java.lang.String, java.lang.String, java.lang.String)[pri:0, instance:test.Checks@7c935c95]" name="setUp" is-config="true" duration-ms="83317" started-at="2016-03-30T10:36:47Z" finished-at="2016-03-30T10:38:10Z">
          <params>
            <param index="0">
              <value>
                <![CDATA[android]]>
              </value>
            </param>
            <param index="1">
              <value>
                <![CDATA[default]]>
              </value>
            </param>
            <param index="2">
              <value>
                <![CDATA[ANDROID]]>
              </value>
            </param>
            <param index="3">
              <value>
                <![CDATA[Samsung Galaxy S5]]>
              </value>
            </param>
          </params>
          <reporter-output>
          </reporter-output>
        </test-method> <!-- setUp -->
        <test-method status="PASS" signature="main()[pri:0, instance:test.Checks@7c935c95]" name="main" duration-ms="26871" started-at="2016-03-30T10:38:10Z" finished-at="2016-03-30T10:38:37Z">
          <reporter-output>
          </reporter-output>
        </test-method> <!-- main -->
      </class> <!-- test.Checks -->
    </test> <!-- Android 4.4 Test -->
    <test name="Android 4.3 Test" duration-ms="96854" started-at="2016-03-30T13:38:37Z" finished-at="2016-03-30T13:40:14Z">
      <class name="test.Checks">
        <test-method status="PASS" signature="setUp(java.lang.String, java.lang.String, java.lang.String, java.lang.String)[pri:0, instance:test.Checks@2c7614d6]" name="setUp" is-config="true" duration-ms="86391" started-at="2016-03-30T10:38:37Z" finished-at="2016-03-30T10:40:04Z">
          <params>
            <param index="0">
              <value>
                <![CDATA[android]]>
              </value>
            </param>
            <param index="1">
              <value>
                <![CDATA[default]]>
              </value>
            </param>
            <param index="2">
              <value>
                <![CDATA[ANDROID]]>
              </value>
            </param>
            <param index="3">
              <value>
                <![CDATA[Samsung Galaxy S4]]>
              </value>
            </param>
          </params>
          <reporter-output>
          </reporter-output>
        </test-method> <!-- setUp -->
        <test-method status="FAIL" signature="main()[pri:0, instance:test.Checks@2c7614d6]" name="main" duration-ms="10435" started-at="2016-03-30T10:40:04Z" finished-at="2016-03-30T10:40:14Z">
          <exception class="org.openqa.selenium.NoSuchElementException">
            <message>
              <![CDATA[Could not find element with id: e
For documentation on this error, please visit: http://seleniumhq.org/exceptions/no_such_element.html
Build info: version: 'unknown', revision: 'unknown', time: 'unknown'
System info: os.name: 'Linux', os.arch: 'i686', os.version: '3.4.0+', java.version: '0'
Driver info: driver.version: EventFiringWebDriver
Command duration or timeout: 6.74 seconds
For documentation on this error, please visit: http://seleniumhq.org/exceptions/no_such_element.html
Build info: version: '2.45.0', revision: '5017cb8e7ca8e37638dc3091b2440b90a1d8686f', time: '2015-02-27 09:10:26'
System info: host: 'Julieta-PC', ip: '10.30.10.117', os.name: 'Windows 8.1', os.arch: 'amd64', os.version: '6.3', java.version: '1.7.0_71'
*** Element info: {Using=id, value=e}
Session ID: fb86a959de5a47cd9c53a10cb1770add95878675
Driver info: org.openqa.selenium.remote.RemoteWebDriver
Capabilities [{proxy_type=node, javascriptEnabled=true, acceptSslCerts=true, browserVersion=default, browserName=android, webdriver.remote.sessionid=fb86a959de5a47cd9c53a10cb1770add95878675, version=18, proxy={httpProxy=10.0.2.2:45691, sslProxy=10.0.2.2:45691, proxyType=manual}, browser=android, applicationCacheEnabled=true, takesScreenshot=true, browserstack.ie.noFlash=false, 64bit=false, platform=ANDROID, rotatable=true, locationContextEnabled=true, acceptSslCert=false, handlesAlerts=true, browserConnectionEnabled=true, webStorageEnabled=true, device=Samsung Galaxy S4, browserstack.video=true, language=Apache-HttpClient/4.3.6 (java 1.5), orig_os=macyos, browserstack.debug=false, mobile={browser=mobile, version=Samsung Galaxy S4-4.3-1080x1920}}]]]>
            </message>
            <full-stacktrace>
              <![CDATA[org.openqa.selenium.NoSuchElementException: Could not find element with id: e
For documentation on this error, please visit: http://seleniumhq.org/exceptions/no_such_element.html
Build info: version: 'unknown', revision: 'unknown', time: 'unknown'
System info: os.name: 'Linux', os.arch: 'i686', os.version: '3.4.0+', java.version: '0'
Driver info: driver.version: EventFiringWebDriver
Command duration or timeout: 6.74 seconds
For documentation on this error, please visit: http://seleniumhq.org/exceptions/no_such_element.html
Build info: version: '2.45.0', revision: '5017cb8e7ca8e37638dc3091b2440b90a1d8686f', time: '2015-02-27 09:10:26'
System info: host: 'Julieta-PC', ip: '10.30.10.117', os.name: 'Windows 8.1', os.arch: 'amd64', os.version: '6.3', java.version: '1.7.0_71'
*** Element info: {Using=id, value=e}
Session ID: fb86a959de5a47cd9c53a10cb1770add95878675
Driver info: org.openqa.selenium.remote.RemoteWebDriver
Capabilities [{proxy_type=node, javascriptEnabled=true, acceptSslCerts=true, browserVersion=default, browserName=android, webdriver.remote.sessionid=fb86a959de5a47cd9c53a10cb1770add95878675, version=18, proxy={httpProxy=10.0.2.2:45691, sslProxy=10.0.2.2:45691, proxyType=manual}, browser=android, applicationCacheEnabled=true, takesScreenshot=true, browserstack.ie.noFlash=false, 64bit=false, platform=ANDROID, rotatable=true, locationContextEnabled=true, acceptSslCert=false, handlesAlerts=true, browserConnectionEnabled=true, webStorageEnabled=true, device=Samsung Galaxy S4, browserstack.video=true, language=Apache-HttpClient/4.3.6 (java 1.5), orig_os=macyos, browserstack.debug=false, mobile={browser=mobile, version=Samsung Galaxy S4-4.3-1080x1920}}]
	at sun.reflect.NativeConstructorAccessorImpl.newInstance0(Native Method)
	at sun.reflect.NativeConstructorAccessorImpl.newInstance(Unknown Source)
	at sun.reflect.DelegatingConstructorAccessorImpl.newInstance(Unknown Source)
	at java.lang.reflect.Constructor.newInstance(Unknown Source)
	at org.openqa.selenium.remote.ErrorHandler.createThrowable(ErrorHandler.java:204)
	at org.openqa.selenium.remote.ErrorHandler.throwIfResponseFailed(ErrorHandler.java:156)
	at org.openqa.selenium.remote.RemoteWebDriver.execute(RemoteWebDriver.java:599)
	at org.openqa.selenium.remote.RemoteWebDriver.findElement(RemoteWebDriver.java:352)
	at org.openqa.selenium.remote.RemoteWebDriver.findElementById(RemoteWebDriver.java:393)
	at org.openqa.selenium.By$ById.findElement(By.java:214)
	at org.openqa.selenium.remote.RemoteWebDriver.findElement(RemoteWebDriver.java:344)
	at test.Checks.main(Checks.java:49)
	at sun.reflect.NativeMethodAccessorImpl.invoke0(Native Method)
	at sun.reflect.NativeMethodAccessorImpl.invoke(Unknown Source)
	at sun.reflect.DelegatingMethodAccessorImpl.invoke(Unknown Source)
	at java.lang.reflect.Method.invoke(Unknown Source)
	at org.testng.internal.MethodInvocationHelper.invokeMethod(MethodInvocationHelper.java:85)
	at org.testng.internal.Invoker.invokeMethod(Invoker.java:648)
	at org.testng.internal.Invoker.invokeTestMethod(Invoker.java:834)
	at org.testng.internal.Invoker.invokeTestMethods(Invoker.java:1142)
	at org.testng.internal.TestMethodWorker.invokeTestMethods(TestMethodWorker.java:124)
	at org.testng.internal.TestMethodWorker.run(TestMethodWorker.java:108)
	at org.testng.TestRunner.privateRun(TestRunner.java:771)
	at org.testng.TestRunner.run(TestRunner.java:621)
	at org.testng.SuiteRunner.runTest(SuiteRunner.java:357)
	at org.testng.SuiteRunner.runSequentially(SuiteRunner.java:352)
	at org.testng.SuiteRunner.privateRun(SuiteRunner.java:310)
	at org.testng.SuiteRunner.run(SuiteRunner.java:259)
	at org.testng.SuiteRunnerWorker.runSuite(SuiteRunnerWorker.java:52)
	at org.testng.SuiteRunnerWorker.run(SuiteRunnerWorker.java:86)
	at org.testng.TestNG.runSuitesSequentially(TestNG.java:1176)
	at org.testng.TestNG.runSuitesLocally(TestNG.java:1101)
	at org.testng.TestNG.run(TestNG.java:1009)
	at org.testng.remote.RemoteTestNG.run(RemoteTestNG.java:111)
	at org.testng.remote.RemoteTestNG.initAndRun(RemoteTestNG.java:204)
	at org.testng.remote.RemoteTestNG.main(RemoteTestNG.java:175)
Caused by: org.openqa.selenium.NoSuchElementException: Could not find element with id: e
For documentation on this error, please visit: http://seleniumhq.org/exceptions/no_such_element.html
Build info: version: 'unknown', revision: 'unknown', time: 'unknown'
System info: os.name: 'Linux', os.arch: 'i686', os.version: '3.4.0+', java.version: '0'
Driver info: driver.version: EventFiringWebDriver
For documentation on this error, please visit: http://seleniumhq.org/exceptions/no_such_element.html
Build info: version: '2.45.0', revision: '5017cb8e7ca8e37638dc3091b2440b90a1d8686f', time: '2015-02-27 09:10:26'
System info: host: 'Julieta-PC', ip: '10.30.10.117', os.name: 'Windows 8.1', os.arch: 'amd64', os.version: '6.3', java.version: '1.7.0_71'
Driver info: driver.version: EventFiringWebDriver
	at org.openqa.selenium.android.library.AndroidWebElement.lookupElement(AndroidWebElement.java:346)
	at org.openqa.selenium.android.library.AndroidWebElement.access$1(AndroidWebElement.java:335)
	at org.openqa.selenium.android.library.AndroidWebElement$FindByImpl.findElementById(AndroidWebElement.java:249)
	at org.openqa.selenium.android.library.AndroidWebDriver$AndroidFindBy.findElementById(AndroidWebDriver.java:604)
	at org.openqa.selenium.By$ById.findElement(By.java:216)
	at org.openqa.selenium.android.library.AndroidWebDriver.findElement(AndroidWebDriver.java:543)
	at org.openqa.selenium.android.AndroidApkDriver.findElement(AndroidApkDriver.java:70)
	at java.lang.reflect.Method.invokeNative(Native Method)
	at java.lang.reflect.Method.invoke(Method.java:525)
	at org.openqa.selenium.support.events.EventFiringWebDriver$2.invoke(EventFiringWebDriver.java:101)
	at $Proxy1.findElement(Native Method)
	at org.openqa.selenium.support.events.EventFiringWebDriver.findElement(EventFiringWebDriver.java:180)
	at org.openqa.selenium.remote.server.handler.FindElement.call(FindElement.java:47)
	at org.openqa.selenium.remote.server.handler.FindElement.call(FindElement.java:1)
	at java.util.concurrent.FutureTask.run(FutureTask.java:234)
	at org.openqa.selenium.remote.server.DefaultSession$1.run(DefaultSession.java:169)
	at java.util.concurrent.ThreadPoolExecutor.runWorker(ThreadPoolExecutor.java:1080)
	at java.util.concurrent.ThreadPoolExecutor$Worker.run(ThreadPoolExecutor.java:573)
	at java.lang.Thread.run(Thread.java:841)
]]>
            </full-stacktrace>
          </exception> <!-- org.openqa.selenium.NoSuchElementException -->
          <reporter-output>
          </reporter-output>
        </test-method> <!-- main -->
      </class> <!-- test.Checks -->
    </test> <!-- Android 4.3 Test -->
    <test name="Android 4.2 Test" duration-ms="56197" started-at="2016-03-30T13:40:14Z" finished-at="2016-03-30T13:41:10Z">
      <class name="test.Checks">
        <test-method status="PASS" signature="setUp(java.lang.String, java.lang.String, java.lang.String, java.lang.String)[pri:0, instance:test.Checks@7175bfc4]" name="setUp" is-config="true" duration-ms="35824" started-at="2016-03-30T10:40:14Z" finished-at="2016-03-30T10:40:50Z">
          <params>
            <param index="0">
              <value>
                <![CDATA[android]]>
              </value>
            </param>
            <param index="1">
              <value>
                <![CDATA[default]]>
              </value>
            </param>
            <param index="2">
              <value>
                <![CDATA[ANDROID]]>
              </value>
            </param>
            <param index="3">
              <value>
                <![CDATA[Google Nexus 4]]>
              </value>
            </param>
          </params>
          <reporter-output>
          </reporter-output>
        </test-method> <!-- setUp -->
        <test-method status="FAIL" signature="main()[pri:0, instance:test.Checks@7175bfc4]" name="main" duration-ms="20354" started-at="2016-03-30T10:40:50Z" finished-at="2016-03-30T10:41:10Z">
          <exception class="org.openqa.selenium.NoSuchElementException">
            <message>
              <![CDATA[Could not find element with id: e
For documentation on this error, please visit: http://seleniumhq.org/exceptions/no_such_element.html
Build info: version: 'unknown', revision: 'unknown', time: 'unknown'
System info: os.name: 'Linux', os.arch: 'armv7l', os.version: '2.6.29-gea477bb', java.version: '0'
Driver info: driver.version: EventFiringWebDriver
Command duration or timeout: 10.62 seconds
For documentation on this error, please visit: http://seleniumhq.org/exceptions/no_such_element.html
Build info: version: '2.45.0', revision: '5017cb8e7ca8e37638dc3091b2440b90a1d8686f', time: '2015-02-27 09:10:26'
System info: host: 'Julieta-PC', ip: '10.30.10.117', os.name: 'Windows 8.1', os.arch: 'amd64', os.version: '6.3', java.version: '1.7.0_71'
*** Element info: {Using=id, value=e}
Session ID: 75b0313c4671bead0b6c1cbaa05d985fff2d9be4
Driver info: org.openqa.selenium.remote.RemoteWebDriver
Capabilities [{proxy_type=node, javascriptEnabled=true, acceptSslCerts=true, browserVersion=default, browserName=android, webdriver.remote.sessionid=75b0313c4671bead0b6c1cbaa05d985fff2d9be4, version=17, proxy={httpProxy=10.0.2.2:45691, sslProxy=10.0.2.2:45691, proxyType=manual}, browser=android, applicationCacheEnabled=true, takesScreenshot=true, browserstack.ie.noFlash=false, 64bit=false, platform=ANDROID, rotatable=true, locationContextEnabled=true, acceptSslCert=false, handlesAlerts=true, browserConnectionEnabled=true, webStorageEnabled=true, device=Google Nexus 4, browserstack.video=true, language=Apache-HttpClient/4.3.6 (java 1.5), orig_os=macmav, browserstack.debug=false, mobile={browser=mobile, version=Google Nexus 4-4.2-768x1280}}]]]>
            </message>
            <full-stacktrace>
              <![CDATA[org.openqa.selenium.NoSuchElementException: Could not find element with id: e
For documentation on this error, please visit: http://seleniumhq.org/exceptions/no_such_element.html
Build info: version: 'unknown', revision: 'unknown', time: 'unknown'
System info: os.name: 'Linux', os.arch: 'armv7l', os.version: '2.6.29-gea477bb', java.version: '0'
Driver info: driver.version: EventFiringWebDriver
Command duration or timeout: 10.62 seconds
For documentation on this error, please visit: http://seleniumhq.org/exceptions/no_such_element.html
Build info: version: '2.45.0', revision: '5017cb8e7ca8e37638dc3091b2440b90a1d8686f', time: '2015-02-27 09:10:26'
System info: host: 'Julieta-PC', ip: '10.30.10.117', os.name: 'Windows 8.1', os.arch: 'amd64', os.version: '6.3', java.version: '1.7.0_71'
*** Element info: {Using=id, value=e}
Session ID: 75b0313c4671bead0b6c1cbaa05d985fff2d9be4
Driver info: org.openqa.selenium.remote.RemoteWebDriver
Capabilities [{proxy_type=node, javascriptEnabled=true, acceptSslCerts=true, browserVersion=default, browserName=android, webdriver.remote.sessionid=75b0313c4671bead0b6c1cbaa05d985fff2d9be4, version=17, proxy={httpProxy=10.0.2.2:45691, sslProxy=10.0.2.2:45691, proxyType=manual}, browser=android, applicationCacheEnabled=true, takesScreenshot=true, browserstack.ie.noFlash=false, 64bit=false, platform=ANDROID, rotatable=true, locationContextEnabled=true, acceptSslCert=false, handlesAlerts=true, browserConnectionEnabled=true, webStorageEnabled=true, device=Google Nexus 4, browserstack.video=true, language=Apache-HttpClient/4.3.6 (java 1.5), orig_os=macmav, browserstack.debug=false, mobile={browser=mobile, version=Google Nexus 4-4.2-768x1280}}]
	at sun.reflect.NativeConstructorAccessorImpl.newInstance0(Native Method)
	at sun.reflect.NativeConstructorAccessorImpl.newInstance(Unknown Source)
	at sun.reflect.DelegatingConstructorAccessorImpl.newInstance(Unknown Source)
	at java.lang.reflect.Constructor.newInstance(Unknown Source)
	at org.openqa.selenium.remote.ErrorHandler.createThrowable(ErrorHandler.java:204)
	at org.openqa.selenium.remote.ErrorHandler.throwIfResponseFailed(ErrorHandler.java:156)
	at org.openqa.selenium.remote.RemoteWebDriver.execute(RemoteWebDriver.java:599)
	at org.openqa.selenium.remote.RemoteWebDriver.findElement(RemoteWebDriver.java:352)
	at org.openqa.selenium.remote.RemoteWebDriver.findElementById(RemoteWebDriver.java:393)
	at org.openqa.selenium.By$ById.findElement(By.java:214)
	at org.openqa.selenium.remote.RemoteWebDriver.findElement(RemoteWebDriver.java:344)
	at test.Checks.main(Checks.java:49)
	at sun.reflect.NativeMethodAccessorImpl.invoke0(Native Method)
	at sun.reflect.NativeMethodAccessorImpl.invoke(Unknown Source)
	at sun.reflect.DelegatingMethodAccessorImpl.invoke(Unknown Source)
	at java.lang.reflect.Method.invoke(Unknown Source)
	at org.testng.internal.MethodInvocationHelper.invokeMethod(MethodInvocationHelper.java:85)
	at org.testng.internal.Invoker.invokeMethod(Invoker.java:648)
	at org.testng.internal.Invoker.invokeTestMethod(Invoker.java:834)
	at org.testng.internal.Invoker.invokeTestMethods(Invoker.java:1142)
	at org.testng.internal.TestMethodWorker.invokeTestMethods(TestMethodWorker.java:124)
	at org.testng.internal.TestMethodWorker.run(TestMethodWorker.java:108)
	at org.testng.TestRunner.privateRun(TestRunner.java:771)
	at org.testng.TestRunner.run(TestRunner.java:621)
	at org.testng.SuiteRunner.runTest(SuiteRunner.java:357)
	at org.testng.SuiteRunner.runSequentially(SuiteRunner.java:352)
	at org.testng.SuiteRunner.privateRun(SuiteRunner.java:310)
	at org.testng.SuiteRunner.run(SuiteRunner.java:259)
	at org.testng.SuiteRunnerWorker.runSuite(SuiteRunnerWorker.java:52)
	at org.testng.SuiteRunnerWorker.run(SuiteRunnerWorker.java:86)
	at org.testng.TestNG.runSuitesSequentially(TestNG.java:1176)
	at org.testng.TestNG.runSuitesLocally(TestNG.java:1101)
	at org.testng.TestNG.run(TestNG.java:1009)
	at org.testng.remote.RemoteTestNG.run(RemoteTestNG.java:111)
	at org.testng.remote.RemoteTestNG.initAndRun(RemoteTestNG.java:204)
	at org.testng.remote.RemoteTestNG.main(RemoteTestNG.java:175)
Caused by: org.openqa.selenium.NoSuchElementException: Could not find element with id: e
For documentation on this error, please visit: http://seleniumhq.org/exceptions/no_such_element.html
Build info: version: 'unknown', revision: 'unknown', time: 'unknown'
System info: os.name: 'Linux', os.arch: 'armv7l', os.version: '2.6.29-gea477bb', java.version: '0'
Driver info: driver.version: EventFiringWebDriver
For documentation on this error, please visit: http://seleniumhq.org/exceptions/no_such_element.html
Build info: version: '2.45.0', revision: '5017cb8e7ca8e37638dc3091b2440b90a1d8686f', time: '2015-02-27 09:10:26'
System info: host: 'Julieta-PC', ip: '10.30.10.117', os.name: 'Windows 8.1', os.arch: 'amd64', os.version: '6.3', java.version: '1.7.0_71'
Driver info: driver.version: EventFiringWebDriver
	at org.openqa.selenium.android.library.AndroidWebElement.lookupElement(AndroidWebElement.java:346)
	at org.openqa.selenium.android.library.AndroidWebElement.access$1(AndroidWebElement.java:335)
	at org.openqa.selenium.android.library.AndroidWebElement$FindByImpl.findElementById(AndroidWebElement.java:249)
	at org.openqa.selenium.android.library.AndroidWebDriver$AndroidFindBy.findElementById(AndroidWebDriver.java:604)
	at org.openqa.selenium.By$ById.findElement(By.java:216)
	at org.openqa.selenium.android.library.AndroidWebDriver.findElement(AndroidWebDriver.java:543)
	at org.openqa.selenium.android.AndroidApkDriver.findElement(AndroidApkDriver.java:70)
	at java.lang.reflect.Method.invokeNative(Native Method)
	at java.lang.reflect.Method.invoke(Method.java:511)
	at org.openqa.selenium.support.events.EventFiringWebDriver$2.invoke(EventFiringWebDriver.java:101)
	at $Proxy1.findElement(Native Method)
	at org.openqa.selenium.support.events.EventFiringWebDriver.findElement(EventFiringWebDriver.java:180)
	at org.openqa.selenium.remote.server.handler.FindElement.call(FindElement.java:47)
	at org.openqa.selenium.remote.server.handler.FindElement.call(FindElement.java:1)
	at java.util.concurrent.FutureTask.run(FutureTask.java:234)
	at org.openqa.selenium.remote.server.DefaultSession$1.run(DefaultSession.java:169)
	at java.util.concurrent.ThreadPoolExecutor.runWorker(ThreadPoolExecutor.java:1080)
	at java.util.concurrent.ThreadPoolExecutor$Worker.run(ThreadPoolExecutor.java:573)
	at java.lang.Thread.run(Thread.java:856)
]]>
            </full-stacktrace>
          </exception> <!-- org.openqa.selenium.NoSuchElementException -->
          <reporter-output>
          </reporter-output>
        </test-method> <!-- main -->
      </class> <!-- test.Checks -->
    </test> <!-- Android 4.2 Test -->
    <test name="Android 4.1 Test" duration-ms="63691" started-at="2016-03-30T13:41:10Z" finished-at="2016-03-30T13:42:14Z">
      <class name="test.Checks">
        <test-method status="PASS" signature="setUp(java.lang.String, java.lang.String, java.lang.String, java.lang.String)[pri:0, instance:test.Checks@67e2f794]" name="setUp" is-config="true" duration-ms="43671" started-at="2016-03-30T10:41:10Z" finished-at="2016-03-30T10:41:54Z">
          <params>
            <param index="0">
              <value>
                <![CDATA[android]]>
              </value>
            </param>
            <param index="1">
              <value>
                <![CDATA[default]]>
              </value>
            </param>
            <param index="2">
              <value>
                <![CDATA[ANDROID]]>
              </value>
            </param>
            <param index="3">
              <value>
                <![CDATA[Samsung Galaxy S3]]>
              </value>
            </param>
          </params>
          <reporter-output>
          </reporter-output>
        </test-method> <!-- setUp -->
        <test-method status="FAIL" signature="main()[pri:0, instance:test.Checks@67e2f794]" name="main" duration-ms="20010" started-at="2016-03-30T10:41:54Z" finished-at="2016-03-30T10:42:14Z">
          <exception class="org.openqa.selenium.NoSuchElementException">
            <message>
              <![CDATA[Could not find element with id: e
For documentation on this error, please visit: http://seleniumhq.org/exceptions/no_such_element.html
Build info: version: 'unknown', revision: 'unknown', time: 'unknown'
System info: os.name: 'Linux', os.arch: 'armv7l', os.version: '2.6.29-gc497e41', java.version: '0'
Driver info: driver.version: EventFiringWebDriver
Command duration or timeout: 10.82 seconds
For documentation on this error, please visit: http://seleniumhq.org/exceptions/no_such_element.html
Build info: version: '2.45.0', revision: '5017cb8e7ca8e37638dc3091b2440b90a1d8686f', time: '2015-02-27 09:10:26'
System info: host: 'Julieta-PC', ip: '10.30.10.117', os.name: 'Windows 8.1', os.arch: 'amd64', os.version: '6.3', java.version: '1.7.0_71'
*** Element info: {Using=id, value=e}
Session ID: d7226b19fdc51abcf3f8772350692e5f86afd793
Driver info: org.openqa.selenium.remote.RemoteWebDriver
Capabilities [{proxy_type=node, javascriptEnabled=true, acceptSslCerts=true, browserVersion=default, browserName=android, webdriver.remote.sessionid=d7226b19fdc51abcf3f8772350692e5f86afd793, version=16, proxy={httpProxy=10.0.2.2:45691, sslProxy=10.0.2.2:45691, proxyType=manual}, browser=android, applicationCacheEnabled=true, takesScreenshot=true, browserstack.ie.noFlash=false, 64bit=false, platform=ANDROID, rotatable=true, locationContextEnabled=true, acceptSslCert=false, handlesAlerts=true, browserConnectionEnabled=true, webStorageEnabled=true, device=Samsung Galaxy S3, browserstack.video=true, language=Apache-HttpClient/4.3.6 (java 1.5), orig_os=macmav, browserstack.debug=false, mobile={browser=mobile, version=Samsung Galaxy S3-4.1-720x1280}}]]]>
            </message>
            <full-stacktrace>
              <![CDATA[org.openqa.selenium.NoSuchElementException: Could not find element with id: e
For documentation on this error, please visit: http://seleniumhq.org/exceptions/no_such_element.html
Build info: version: 'unknown', revision: 'unknown', time: 'unknown'
System info: os.name: 'Linux', os.arch: 'armv7l', os.version: '2.6.29-gc497e41', java.version: '0'
Driver info: driver.version: EventFiringWebDriver
Command duration or timeout: 10.82 seconds
For documentation on this error, please visit: http://seleniumhq.org/exceptions/no_such_element.html
Build info: version: '2.45.0', revision: '5017cb8e7ca8e37638dc3091b2440b90a1d8686f', time: '2015-02-27 09:10:26'
System info: host: 'Julieta-PC', ip: '10.30.10.117', os.name: 'Windows 8.1', os.arch: 'amd64', os.version: '6.3', java.version: '1.7.0_71'
*** Element info: {Using=id, value=e}
Session ID: d7226b19fdc51abcf3f8772350692e5f86afd793
Driver info: org.openqa.selenium.remote.RemoteWebDriver
Capabilities [{proxy_type=node, javascriptEnabled=true, acceptSslCerts=true, browserVersion=default, browserName=android, webdriver.remote.sessionid=d7226b19fdc51abcf3f8772350692e5f86afd793, version=16, proxy={httpProxy=10.0.2.2:45691, sslProxy=10.0.2.2:45691, proxyType=manual}, browser=android, applicationCacheEnabled=true, takesScreenshot=true, browserstack.ie.noFlash=false, 64bit=false, platform=ANDROID, rotatable=true, locationContextEnabled=true, acceptSslCert=false, handlesAlerts=true, browserConnectionEnabled=true, webStorageEnabled=true, device=Samsung Galaxy S3, browserstack.video=true, language=Apache-HttpClient/4.3.6 (java 1.5), orig_os=macmav, browserstack.debug=false, mobile={browser=mobile, version=Samsung Galaxy S3-4.1-720x1280}}]
	at sun.reflect.NativeConstructorAccessorImpl.newInstance0(Native Method)
	at sun.reflect.NativeConstructorAccessorImpl.newInstance(Unknown Source)
	at sun.reflect.DelegatingConstructorAccessorImpl.newInstance(Unknown Source)
	at java.lang.reflect.Constructor.newInstance(Unknown Source)
	at org.openqa.selenium.remote.ErrorHandler.createThrowable(ErrorHandler.java:204)
	at org.openqa.selenium.remote.ErrorHandler.throwIfResponseFailed(ErrorHandler.java:156)
	at org.openqa.selenium.remote.RemoteWebDriver.execute(RemoteWebDriver.java:599)
	at org.openqa.selenium.remote.RemoteWebDriver.findElement(RemoteWebDriver.java:352)
	at org.openqa.selenium.remote.RemoteWebDriver.findElementById(RemoteWebDriver.java:393)
	at org.openqa.selenium.By$ById.findElement(By.java:214)
	at org.openqa.selenium.remote.RemoteWebDriver.findElement(RemoteWebDriver.java:344)
	at test.Checks.main(Checks.java:49)
	at sun.reflect.NativeMethodAccessorImpl.invoke0(Native Method)
	at sun.reflect.NativeMethodAccessorImpl.invoke(Unknown Source)
	at sun.reflect.DelegatingMethodAccessorImpl.invoke(Unknown Source)
	at java.lang.reflect.Method.invoke(Unknown Source)
	at org.testng.internal.MethodInvocationHelper.invokeMethod(MethodInvocationHelper.java:85)
	at org.testng.internal.Invoker.invokeMethod(Invoker.java:648)
	at org.testng.internal.Invoker.invokeTestMethod(Invoker.java:834)
	at org.testng.internal.Invoker.invokeTestMethods(Invoker.java:1142)
	at org.testng.internal.TestMethodWorker.invokeTestMethods(TestMethodWorker.java:124)
	at org.testng.internal.TestMethodWorker.run(TestMethodWorker.java:108)
	at org.testng.TestRunner.privateRun(TestRunner.java:771)
	at org.testng.TestRunner.run(TestRunner.java:621)
	at org.testng.SuiteRunner.runTest(SuiteRunner.java:357)
	at org.testng.SuiteRunner.runSequentially(SuiteRunner.java:352)
	at org.testng.SuiteRunner.privateRun(SuiteRunner.java:310)
	at org.testng.SuiteRunner.run(SuiteRunner.java:259)
	at org.testng.SuiteRunnerWorker.runSuite(SuiteRunnerWorker.java:52)
	at org.testng.SuiteRunnerWorker.run(SuiteRunnerWorker.java:86)
	at org.testng.TestNG.runSuitesSequentially(TestNG.java:1176)
	at org.testng.TestNG.runSuitesLocally(TestNG.java:1101)
	at org.testng.TestNG.run(TestNG.java:1009)
	at org.testng.remote.RemoteTestNG.run(RemoteTestNG.java:111)
	at org.testng.remote.RemoteTestNG.initAndRun(RemoteTestNG.java:204)
	at org.testng.remote.RemoteTestNG.main(RemoteTestNG.java:175)
Caused by: org.openqa.selenium.NoSuchElementException: Could not find element with id: e
For documentation on this error, please visit: http://seleniumhq.org/exceptions/no_such_element.html
Build info: version: 'unknown', revision: 'unknown', time: 'unknown'
System info: os.name: 'Linux', os.arch: 'armv7l', os.version: '2.6.29-gc497e41', java.version: '0'
Driver info: driver.version: EventFiringWebDriver
For documentation on this error, please visit: http://seleniumhq.org/exceptions/no_such_element.html
Build info: version: '2.45.0', revision: '5017cb8e7ca8e37638dc3091b2440b90a1d8686f', time: '2015-02-27 09:10:26'
System info: host: 'Julieta-PC', ip: '10.30.10.117', os.name: 'Windows 8.1', os.arch: 'amd64', os.version: '6.3', java.version: '1.7.0_71'
Driver info: driver.version: EventFiringWebDriver
	at org.openqa.selenium.android.library.AndroidWebElement.lookupElement(AndroidWebElement.java:346)
	at org.openqa.selenium.android.library.AndroidWebElement.access$1(AndroidWebElement.java:335)
	at org.openqa.selenium.android.library.AndroidWebElement$FindByImpl.findElementById(AndroidWebElement.java:249)
	at org.openqa.selenium.android.library.AndroidWebDriver$AndroidFindBy.findElementById(AndroidWebDriver.java:604)
	at org.openqa.selenium.By$ById.findElement(By.java:216)
	at org.openqa.selenium.android.library.AndroidWebDriver.findElement(AndroidWebDriver.java:543)
	at org.openqa.selenium.android.AndroidApkDriver.findElement(AndroidApkDriver.java:70)
	at java.lang.reflect.Method.invokeNative(Native Method)
	at java.lang.reflect.Method.invoke(Method.java:511)
	at org.openqa.selenium.support.events.EventFiringWebDriver$2.invoke(EventFiringWebDriver.java:101)
	at $Proxy1.findElement(Native Method)
	at org.openqa.selenium.support.events.EventFiringWebDriver.findElement(EventFiringWebDriver.java:180)
	at org.openqa.selenium.remote.server.handler.FindElement.call(FindElement.java:47)
	at org.openqa.selenium.remote.server.handler.FindElement.call(FindElement.java:1)
	at java.util.concurrent.FutureTask$Sync.innerRun(FutureTask.java:305)
	at java.util.concurrent.FutureTask.run(FutureTask.java:137)
	at org.openqa.selenium.remote.server.DefaultSession$1.run(DefaultSession.java:169)
	at java.util.concurrent.ThreadPoolExecutor.runWorker(ThreadPoolExecutor.java:1076)
	at java.util.concurrent.ThreadPoolExecutor$Worker.run(ThreadPoolExecutor.java:569)
	at java.lang.Thread.run(Thread.java:856)
]]>
            </full-stacktrace>
          </exception> <!-- org.openqa.selenium.NoSuchElementException -->
          <reporter-output>
          </reporter-output>
        </test-method> <!-- main -->
      </class> <!-- test.Checks -->
    </test> <!-- Android 4.1 Test -->
    <test name="Android 4.0 Test" duration-ms="57184" started-at="2016-03-30T13:42:14Z" finished-at="2016-03-30T13:43:11Z">
      <class name="test.Checks">
        <test-method status="PASS" signature="setUp(java.lang.String, java.lang.String, java.lang.String, java.lang.String)[pri:0, instance:test.Checks@5f9c2347]" name="setUp" is-config="true" duration-ms="29587" started-at="2016-03-30T10:42:14Z" finished-at="2016-03-30T10:42:44Z">
          <params>
            <param index="0">
              <value>
                <![CDATA[android]]>
              </value>
            </param>
            <param index="1">
              <value>
                <![CDATA[default]]>
              </value>
            </param>
            <param index="2">
              <value>
                <![CDATA[ANDROID]]>
              </value>
            </param>
            <param index="3">
              <value>
                <![CDATA[Google Nexus]]>
              </value>
            </param>
          </params>
          <reporter-output>
          </reporter-output>
        </test-method> <!-- setUp -->
        <test-method status="FAIL" signature="main()[pri:0, instance:test.Checks@5f9c2347]" name="main" duration-ms="27590" started-at="2016-03-30T10:42:44Z" finished-at="2016-03-30T10:43:11Z">
          <exception class="org.openqa.selenium.NoSuchElementException">
            <message>
              <![CDATA[Could not find element with id: e
For documentation on this error, please visit: http://seleniumhq.org/exceptions/no_such_element.html
Build info: version: 'unknown', revision: 'unknown', time: 'unknown'
System info: os.name: 'Linux', os.arch: 'armv7l', os.version: '2.6.29-g46b05b2', java.version: '0'
Driver info: driver.version: EventFiringWebDriver
Command duration or timeout: 10.78 seconds
For documentation on this error, please visit: http://seleniumhq.org/exceptions/no_such_element.html
Build info: version: '2.45.0', revision: '5017cb8e7ca8e37638dc3091b2440b90a1d8686f', time: '2015-02-27 09:10:26'
System info: host: 'Julieta-PC', ip: '10.30.10.117', os.name: 'Windows 8.1', os.arch: 'amd64', os.version: '6.3', java.version: '1.7.0_71'
*** Element info: {Using=id, value=e}
Session ID: bd92cc26a6fb31dcca7f3aead000ca978ba30f92
Driver info: org.openqa.selenium.remote.RemoteWebDriver
Capabilities [{proxy_type=node, javascriptEnabled=true, acceptSslCerts=true, browserVersion=default, browserName=android, webdriver.remote.sessionid=bd92cc26a6fb31dcca7f3aead000ca978ba30f92, version=15, proxy={httpProxy=10.0.2.2:45691, sslProxy=10.0.2.2:45691, proxyType=manual}, browser=android, applicationCacheEnabled=true, takesScreenshot=true, browserstack.ie.noFlash=false, 64bit=false, platform=ANDROID, rotatable=true, locationContextEnabled=true, acceptSslCert=false, handlesAlerts=true, browserConnectionEnabled=true, webStorageEnabled=true, device=Google Nexus, browserstack.video=true, language=Apache-HttpClient/4.3.6 (java 1.5), orig_os=macmav, browserstack.debug=false, mobile={browser=mobile, version=Google Nexus-4.0-720x1280}}]]]>
            </message>
            <full-stacktrace>
              <![CDATA[org.openqa.selenium.NoSuchElementException: Could not find element with id: e
For documentation on this error, please visit: http://seleniumhq.org/exceptions/no_such_element.html
Build info: version: 'unknown', revision: 'unknown', time: 'unknown'
System info: os.name: 'Linux', os.arch: 'armv7l', os.version: '2.6.29-g46b05b2', java.version: '0'
Driver info: driver.version: EventFiringWebDriver
Command duration or timeout: 10.78 seconds
For documentation on this error, please visit: http://seleniumhq.org/exceptions/no_such_element.html
Build info: version: '2.45.0', revision: '5017cb8e7ca8e37638dc3091b2440b90a1d8686f', time: '2015-02-27 09:10:26'
System info: host: 'Julieta-PC', ip: '10.30.10.117', os.name: 'Windows 8.1', os.arch: 'amd64', os.version: '6.3', java.version: '1.7.0_71'
*** Element info: {Using=id, value=e}
Session ID: bd92cc26a6fb31dcca7f3aead000ca978ba30f92
Driver info: org.openqa.selenium.remote.RemoteWebDriver
Capabilities [{proxy_type=node, javascriptEnabled=true, acceptSslCerts=true, browserVersion=default, browserName=android, webdriver.remote.sessionid=bd92cc26a6fb31dcca7f3aead000ca978ba30f92, version=15, proxy={httpProxy=10.0.2.2:45691, sslProxy=10.0.2.2:45691, proxyType=manual}, browser=android, applicationCacheEnabled=true, takesScreenshot=true, browserstack.ie.noFlash=false, 64bit=false, platform=ANDROID, rotatable=true, locationContextEnabled=true, acceptSslCert=false, handlesAlerts=true, browserConnectionEnabled=true, webStorageEnabled=true, device=Google Nexus, browserstack.video=true, language=Apache-HttpClient/4.3.6 (java 1.5), orig_os=macmav, browserstack.debug=false, mobile={browser=mobile, version=Google Nexus-4.0-720x1280}}]
	at sun.reflect.NativeConstructorAccessorImpl.newInstance0(Native Method)
	at sun.reflect.NativeConstructorAccessorImpl.newInstance(Unknown Source)
	at sun.reflect.DelegatingConstructorAccessorImpl.newInstance(Unknown Source)
	at java.lang.reflect.Constructor.newInstance(Unknown Source)
	at org.openqa.selenium.remote.ErrorHandler.createThrowable(ErrorHandler.java:204)
	at org.openqa.selenium.remote.ErrorHandler.throwIfResponseFailed(ErrorHandler.java:156)
	at org.openqa.selenium.remote.RemoteWebDriver.execute(RemoteWebDriver.java:599)
	at org.openqa.selenium.remote.RemoteWebDriver.findElement(RemoteWebDriver.java:352)
	at org.openqa.selenium.remote.RemoteWebDriver.findElementById(RemoteWebDriver.java:393)
	at org.openqa.selenium.By$ById.findElement(By.java:214)
	at org.openqa.selenium.remote.RemoteWebDriver.findElement(RemoteWebDriver.java:344)
	at test.Checks.main(Checks.java:49)
	at sun.reflect.NativeMethodAccessorImpl.invoke0(Native Method)
	at sun.reflect.NativeMethodAccessorImpl.invoke(Unknown Source)
	at sun.reflect.DelegatingMethodAccessorImpl.invoke(Unknown Source)
	at java.lang.reflect.Method.invoke(Unknown Source)
	at org.testng.internal.MethodInvocationHelper.invokeMethod(MethodInvocationHelper.java:85)
	at org.testng.internal.Invoker.invokeMethod(Invoker.java:648)
	at org.testng.internal.Invoker.invokeTestMethod(Invoker.java:834)
	at org.testng.internal.Invoker.invokeTestMethods(Invoker.java:1142)
	at org.testng.internal.TestMethodWorker.invokeTestMethods(TestMethodWorker.java:124)
	at org.testng.internal.TestMethodWorker.run(TestMethodWorker.java:108)
	at org.testng.TestRunner.privateRun(TestRunner.java:771)
	at org.testng.TestRunner.run(TestRunner.java:621)
	at org.testng.SuiteRunner.runTest(SuiteRunner.java:357)
	at org.testng.SuiteRunner.runSequentially(SuiteRunner.java:352)
	at org.testng.SuiteRunner.privateRun(SuiteRunner.java:310)
	at org.testng.SuiteRunner.run(SuiteRunner.java:259)
	at org.testng.SuiteRunnerWorker.runSuite(SuiteRunnerWorker.java:52)
	at org.testng.SuiteRunnerWorker.run(SuiteRunnerWorker.java:86)
	at org.testng.TestNG.runSuitesSequentially(TestNG.java:1176)
	at org.testng.TestNG.runSuitesLocally(TestNG.java:1101)
	at org.testng.TestNG.run(TestNG.java:1009)
	at org.testng.remote.RemoteTestNG.run(RemoteTestNG.java:111)
	at org.testng.remote.RemoteTestNG.initAndRun(RemoteTestNG.java:204)
	at org.testng.remote.RemoteTestNG.main(RemoteTestNG.java:175)
Caused by: org.openqa.selenium.NoSuchElementException: Could not find element with id: e
For documentation on this error, please visit: http://seleniumhq.org/exceptions/no_such_element.html
Build info: version: 'unknown', revision: 'unknown', time: 'unknown'
System info: os.name: 'Linux', os.arch: 'armv7l', os.version: '2.6.29-g46b05b2', java.version: '0'
Driver info: driver.version: EventFiringWebDriver
For documentation on this error, please visit: http://seleniumhq.org/exceptions/no_such_element.html
Build info: version: '2.45.0', revision: '5017cb8e7ca8e37638dc3091b2440b90a1d8686f', time: '2015-02-27 09:10:26'
System info: host: 'Julieta-PC', ip: '10.30.10.117', os.name: 'Windows 8.1', os.arch: 'amd64', os.version: '6.3', java.version: '1.7.0_71'
Driver info: driver.version: EventFiringWebDriver
	at org.openqa.selenium.android.library.AndroidWebElement.lookupElement(AndroidWebElement.java:346)
	at org.openqa.selenium.android.library.AndroidWebElement.access$1(AndroidWebElement.java:335)
	at org.openqa.selenium.android.library.AndroidWebElement$FindByImpl.findElementById(AndroidWebElement.java:249)
	at org.openqa.selenium.android.library.AndroidWebDriver$AndroidFindBy.findElementById(AndroidWebDriver.java:604)
	at org.openqa.selenium.By$ById.findElement(By.java:216)
	at org.openqa.selenium.android.library.AndroidWebDriver.findElement(AndroidWebDriver.java:543)
	at org.openqa.selenium.android.AndroidApkDriver.findElement(AndroidApkDriver.java:70)
	at java.lang.reflect.Method.invokeNative(Native Method)
	at java.lang.reflect.Method.invoke(Method.java:511)
	at org.openqa.selenium.support.events.EventFiringWebDriver$2.invoke(EventFiringWebDriver.java:101)
	at $Proxy1.findElement(Native Method)
	at org.openqa.selenium.support.events.EventFiringWebDriver.findElement(EventFiringWebDriver.java:180)
	at org.openqa.selenium.remote.server.handler.FindElement.call(FindElement.java:47)
	at org.openqa.selenium.remote.server.handler.FindElement.call(FindElement.java:1)
	at java.util.concurrent.FutureTask$Sync.innerRun(FutureTask.java:305)
	at java.util.concurrent.FutureTask.run(FutureTask.java:137)
	at org.openqa.selenium.remote.server.DefaultSession$1.run(DefaultSession.java:169)
	at java.util.concurrent.ThreadPoolExecutor.runWorker(ThreadPoolExecutor.java:1076)
	at java.util.concurrent.ThreadPoolExecutor$Worker.run(ThreadPoolExecutor.java:569)
	at java.lang.Thread.run(Thread.java:856)
]]>
            </full-stacktrace>
          </exception> <!-- org.openqa.selenium.NoSuchElementException -->
          <reporter-output>
          </reporter-output>
        </test-method> <!-- main -->
      </class> <!-- test.Checks -->
    </test> <!-- Android 4.0 Test -->
    <test name="iOS 8 Test" duration-ms="71044" started-at="2016-03-30T13:43:11Z" finished-at="2016-03-30T13:44:22Z">
      <class name="test.Checks">
        <test-method status="PASS" signature="setUp(java.lang.String, java.lang.String, java.lang.String, java.lang.String)[pri:0, instance:test.Checks@26319e5b]" name="setUp" is-config="true" duration-ms="49981" started-at="2016-03-30T10:43:11Z" finished-at="2016-03-30T10:44:01Z">
          <params>
            <param index="0">
              <value>
                <![CDATA[iPhone]]>
              </value>
            </param>
            <param index="1">
              <value>
                <![CDATA[default]]>
              </value>
            </param>
            <param index="2">
              <value>
                <![CDATA[MAC]]>
              </value>
            </param>
            <param index="3">
              <value>
                <![CDATA[iPhone 6]]>
              </value>
            </param>
          </params>
          <reporter-output>
          </reporter-output>
        </test-method> <!-- setUp -->
        <test-method status="PASS" signature="main()[pri:0, instance:test.Checks@26319e5b]" name="main" duration-ms="21059" started-at="2016-03-30T10:44:01Z" finished-at="2016-03-30T10:44:22Z">
          <reporter-output>
          </reporter-output>
        </test-method> <!-- main -->
      </class> <!-- test.Checks -->
    </test> <!-- iOS 8 Test -->
    <test name="iOS 9 Test" duration-ms="96343" started-at="2016-03-30T13:44:22Z" finished-at="2016-03-30T13:45:59Z">
      <class name="test.Checks">
        <test-method status="PASS" signature="setUp(java.lang.String, java.lang.String, java.lang.String, java.lang.String)[pri:0, instance:test.Checks@7b4712c3]" name="setUp" is-config="true" duration-ms="64948" started-at="2016-03-30T10:44:22Z" finished-at="2016-03-30T10:45:27Z">
          <params>
            <param index="0">
              <value>
                <![CDATA[iPhone]]>
              </value>
            </param>
            <param index="1">
              <value>
                <![CDATA[default]]>
              </value>
            </param>
            <param index="2">
              <value>
                <![CDATA[MAC]]>
              </value>
            </param>
            <param index="3">
              <value>
                <![CDATA[iPhone 6S]]>
              </value>
            </param>
          </params>
          <reporter-output>
          </reporter-output>
        </test-method> <!-- setUp -->
        <test-method status="PASS" signature="main()[pri:0, instance:test.Checks@7b4712c3]" name="main" duration-ms="31391" started-at="2016-03-30T10:45:27Z" finished-at="2016-03-30T10:45:59Z">
          <reporter-output>
          </reporter-output>
        </test-method> <!-- main -->
      </class> <!-- test.Checks -->
    </test> <!-- iOS 9 Test -->
    <test name="iOS 7.0 Test" duration-ms="77719" started-at="2016-03-30T13:45:59Z" finished-at="2016-03-30T13:47:17Z">
      <class name="test.Checks">
        <test-method status="PASS" signature="setUp(java.lang.String, java.lang.String, java.lang.String, java.lang.String)[pri:0, instance:test.Checks@65fbadc2]" name="setUp" is-config="true" duration-ms="59058" started-at="2016-03-30T10:45:59Z" finished-at="2016-03-30T10:46:58Z">
          <params>
            <param index="0">
              <value>
                <![CDATA[iPhone]]>
              </value>
            </param>
            <param index="1">
              <value>
                <![CDATA[default]]>
              </value>
            </param>
            <param index="2">
              <value>
                <![CDATA[MAC]]>
              </value>
            </param>
            <param index="3">
              <value>
                <![CDATA[iPhone 5S]]>
              </value>
            </param>
          </params>
          <reporter-output>
          </reporter-output>
        </test-method> <!-- setUp -->
        <test-method status="PASS" signature="main()[pri:0, instance:test.Checks@65fbadc2]" name="main" duration-ms="18658" started-at="2016-03-30T10:46:58Z" finished-at="2016-03-30T10:47:17Z">
          <reporter-output>
          </reporter-output>
        </test-method> <!-- main -->
      </class> <!-- test.Checks -->
    </test> <!-- iOS 7.0 Test -->
  </suite> <!-- Suite -->
</testng-results>
